<?xml version="1.0" encoding="UTF-8" ?>
<testsuite errors="0" failures="0" hostname="LAPTOP-J21C4O0T" name="JunitTestValidator" skipped="0" tests="2" time="0.028" timestamp="2023-05-30T22:02:06">
  <properties>
[...]
</properties>
  <testcase classname="JunitTestValidator" name="test_validate_range" time="0.001" />
  <testcase classname="JunitTestValidator" name="test_validate_value" time="0.0" />
  <system-out><![CDATA[JunitTestValidator started
Testing test_validate_range...
Testing test_validate_value...
JunitTestValidator ended
]]></system-out>
  <system-err><![CDATA[]]></system-err>
</testsuite>
