<?xml version="1.0" encoding="UTF-8" ?>
<testsuite errors="0" failures="0" hostname="helios.cs.ifmo.ru" name="JunitTestValidator" skipped="0" tests="2" time="0.031" timestamp="2023-05-31T02:23:57">
  <properties>
[...]
</properties>
  <testcase classname="JunitTestValidator" name="test_validate_range" time="0.001" />
  <testcase classname="JunitTestValidator" name="test_validate_value" time="0.001" />
  <system-out><![CDATA[JunitTestValidator started
Testing test_validate_range...
Testing test_validate_value...
JunitTestValidator ended
]]></system-out>
  <system-err><![CDATA[]]></system-err>
</testsuite>
